<?xml version="1.0" encoding="UTF-8"?>
<testsuite name="com.kodilla.spring.KodillaSpringApplicationTests" tests="5" skipped="0" failures="0" errors="0" timestamp="2024-04-04T18:36:43" hostname="ZULAP" time="1.54">
  <properties/>
  <testcase name="testCircleLoadedIntoContainer()" classname="com.kodilla.spring.KodillaSpringApplicationTests" time="1.067"/>
  <testcase name="testShapeLoadedIntoContainer()" classname="com.kodilla.spring.KodillaSpringApplicationTests" time="0.166"/>
  <testcase name="testSquareLoadedIntoContainer()" classname="com.kodilla.spring.KodillaSpringApplicationTests" time="0.158"/>
  <testcase name="testTriangleLoadedIntoContainer()" classname="com.kodilla.spring.KodillaSpringApplicationTests" time="0.141"/>
  <testcase name="contextLoads()" classname="com.kodilla.spring.KodillaSpringApplicationTests" time="0.002"/>
  <system-out><![CDATA[20:36:41.783 [Test worker] INFO org.springframework.test.context.support.AnnotationConfigContextLoaderUtils -- Could not detect default configuration classes for test class [com.kodilla.spring.KodillaSpringApplicationTests]: KodillaSpringApplicationTests does not declare any static, non-private, non-final, nested classes annotated with @Configuration.
20:36:41.912 [Test worker] INFO org.springframework.boot.test.context.SpringBootTestContextBootstrapper -- Found @SpringBootConfiguration com.kodilla.spring.KodillaSpringApplication for test class com.kodilla.spring.KodillaSpringApplicationTests

  .   ____          _            __ _ _
 /\\ / ___'_ __ _ _(_)_ __  __ _ \ \ \ \
( ( )\___ | '_ | '_| | '_ \/ _` | \ \ \ \
 \\/  ___)| |_)| | | | | || (_| |  ) ) ) )
  '  |____| .__|_| |_|_| |_\__, | / / / /
 =========|_|==============|___/=/_/_/_/
 :: Spring Boot ::                (v3.2.0)

2024-04-04T20:36:42.491+02:00  INFO 15640 --- [    Test worker] c.k.s.KodillaSpringApplicationTests      : Starting KodillaSpringApplicationTests using Java 17.0.10 with PID 15640 (started by Zuzanna in C:\dev\zuzanna-jaworska-kodilla-java\kodilla-spring)
2024-04-04T20:36:42.492+02:00  INFO 15640 --- [    Test worker] c.k.s.KodillaSpringApplicationTests      : No active profile set, falling back to 1 default profile: "default"
2024-04-04T20:36:43.193+02:00  INFO 15640 --- [    Test worker] c.k.s.KodillaSpringApplicationTests      : Started KodillaSpringApplicationTests in 1.054 seconds (process running for 2.652)
Chosen shape says: This is a circle
]]></system-out>
  <system-err><![CDATA[]]></system-err>
</testsuite>
