<?xml version="1.0" encoding="UTF-8"?>
<testsuite name="com.kodilla.spring.forum.ForumUserTestSuite" tests="1" skipped="0" failures="0" errors="0" timestamp="2024-04-04T18:36:44" hostname="ZULAP" time="0.14">
  <properties/>
  <testcase name="testGetUsername()" classname="com.kodilla.spring.forum.ForumUserTestSuite" time="0.14"/>
  <system-out><![CDATA[2024-04-04T20:36:44.771+02:00  INFO 15640 --- [    Test worker] t.c.s.AnnotationConfigContextLoaderUtils : Could not detect default configuration classes for test class [com.kodilla.spring.forum.ForumUserTestSuite]: ForumUserTestSuite does not declare any static, non-private, non-final, nested classes annotated with @Configuration.
2024-04-04T20:36:44.779+02:00  INFO 15640 --- [    Test worker] .b.t.c.SpringBootTestContextBootstrapper : Found @SpringBootConfiguration com.kodilla.spring.KodillaSpringApplication for test class com.kodilla.spring.forum.ForumUserTestSuite
]]></system-out>
  <system-err><![CDATA[]]></system-err>
</testsuite>
