<?xml version="1.0" encoding="UTF-8"?>
<testsuite name="com.kodilla.spring.reader.ReaderTestSuite" tests="2" skipped="0" failures="0" errors="0" timestamp="2024-04-04T18:36:45" hostname="ZULAP" time="0.026">
  <properties/>
  <testcase name="testRead()" classname="com.kodilla.spring.reader.ReaderTestSuite" time="0.011"/>
  <testcase name="testConditional()" classname="com.kodilla.spring.reader.ReaderTestSuite" time="0.014"/>
  <system-out><![CDATA[2024-04-04T20:36:45.108+02:00  INFO 15640 --- [    Test worker] t.c.s.AnnotationConfigContextLoaderUtils : Could not detect default configuration classes for test class [com.kodilla.spring.reader.ReaderTestSuite]: ReaderTestSuite does not declare any static, non-private, non-final, nested classes annotated with @Configuration.
2024-04-04T20:36:45.115+02:00  INFO 15640 --- [    Test worker] .b.t.c.SpringBootTestContextBootstrapper : Found @SpringBootConfiguration com.kodilla.spring.KodillaSpringApplication for test class com.kodilla.spring.reader.ReaderTestSuite
Reading: The book number one
Bean book2 was found in the container: false
]]></system-out>
  <system-err><![CDATA[]]></system-err>
</testsuite>
