<?xml version="1.0" encoding="UTF-8"?>
<testsuite name="Tests for removeFigure()" tests="2" skipped="0" failures="0" errors="0" timestamp="2024-04-04T18:37:00" hostname="ZULAP" time="0.004">
  <properties/>
  <testcase name="testRemoveFigureNonexistentInCollection()" classname="com.kodilla.testing.shape.ShapeCollectorTestSuite$TestsRemove" time="0.001"/>
  <testcase name="testRemoveFigure()" classname="com.kodilla.testing.shape.ShapeCollectorTestSuite$TestsRemove" time="0.001"/>
  <system-out><![CDATA[#4 Test Case: begin
#4 Test Case: end
#5 Test Case: begin
#5 Test Case: end
]]></system-out>
  <system-err><![CDATA[]]></system-err>
</testsuite>
