<?xml version="1.0" encoding="UTF-8"?>
<testsuite name="Tests for getFigure()" tests="2" skipped="0" failures="0" errors="0" timestamp="2024-04-04T18:37:00" hostname="ZULAP" time="0.009">
  <properties/>
  <testcase name="testGetFigureOutOfList()" classname="com.kodilla.testing.shape.ShapeCollectorTestSuite$TestsGetFigure" time="0.004"/>
  <testcase name="testGetFigureFromList()" classname="com.kodilla.testing.shape.ShapeCollectorTestSuite$TestsGetFigure" time="0.003"/>
  <system-out><![CDATA[#2 Test Case: begin
#2 Test Case: end
#3 Test Case: begin
#3 Test Case: end
]]></system-out>
  <system-err><![CDATA[]]></system-err>
</testsuite>
