<?xml version="1.0" encoding="UTF-8"?>
<testsuite name="Tests for showFigures()" tests="1" skipped="0" failures="0" errors="0" timestamp="2024-04-04T18:37:00" hostname="ZULAP" time="0.008">
  <properties/>
  <testcase name="testShowFigures()" classname="com.kodilla.testing.shape.ShapeCollectorTestSuite$TestsShowFigures" time="0.008"/>
  <system-out><![CDATA[#1 Test Case: begin
#1 Test Case: end
]]></system-out>
  <system-err><![CDATA[]]></system-err>
</testsuite>
