<?xml version="1.0" encoding="UTF-8"?>
<testsuite name="Tests for listBooksInHandsOf()" tests="3" skipped="0" failures="0" errors="0" timestamp="2024-04-04T18:37:00" hostname="ZULAP" time="0.092">
  <properties/>
  <testcase name="testListBooksInHandsOfWhenFiveBooks()" classname="com.kodilla.testing.library.BookDirectoryTestSuite$testsListBooksInHandsOf" time="0.076"/>
  <testcase name="testListBooksInHandsOfWhenZeroBooks()" classname="com.kodilla.testing.library.BookDirectoryTestSuite$testsListBooksInHandsOf" time="0.005"/>
  <testcase name="testListBooksInHandsOfWhenOneBook()" classname="com.kodilla.testing.library.BookDirectoryTestSuite$testsListBooksInHandsOf" time="0.006"/>
  <system-out><![CDATA[]]></system-out>
  <system-err><![CDATA[]]></system-err>
</testsuite>
