<?xml version="1.0" encoding="UTF-8"?>
<testsuite name="Tests for comments" tests="4" skipped="0" failures="0" errors="0" timestamp="2024-04-04T18:37:00" hostname="ZULAP" time="0.019">
  <properties/>
  <testcase name="testRemoveCommentNotExisting()" classname="com.kodilla.testing.forum.tdd.ForumTestSuite$TestComments" time="0.006"/>
  <testcase name="testRemoveComment()" classname="com.kodilla.testing.forum.tdd.ForumTestSuite$TestComments" time="0.003"/>
  <testcase name="testGetComment()" classname="com.kodilla.testing.forum.tdd.ForumTestSuite$TestComments" time="0.002"/>
  <testcase name="testAddComment()" classname="com.kodilla.testing.forum.tdd.ForumTestSuite$TestComments" time="0.002"/>
  <system-out><![CDATA[Preparing to execute test #1
Preparing to execute test #2
Preparing to execute test #3
Preparing to execute test #4
]]></system-out>
  <system-err><![CDATA[]]></system-err>
</testsuite>
