<?xml version="1.0" encoding="UTF-8"?>
<testsuite name="com.kodilla.testing2.crudapp.CrudAppTestSuite" tests="1" skipped="0" failures="0" errors="0" timestamp="2024-05-02T12:50:35" hostname="ZULAP" time="48.671">
  <properties/>
  <testcase name="shouldCreateTrelloCard()" classname="com.kodilla.testing2.crudapp.CrudAppTestSuite" time="48.671"/>
  <system-out><![CDATA[]]></system-out>
  <system-err><![CDATA[]]></system-err>
</testsuite>
