<?xml version="1.0" encoding="UTF-8"?>
<testsuite name="com.kodilla.hibernate.KodillaHibernateApplicationTests" tests="1" skipped="0" failures="0" errors="0" timestamp="2024-04-22T22:19:44" hostname="ZULAP" time="0.22">
  <properties/>
  <testcase name="contextLoads()" classname="com.kodilla.hibernate.KodillaHibernateApplicationTests" time="0.22"/>
  <system-out><![CDATA[00:19:39.828 [Test worker] DEBUG org.springframework.test.context.BootstrapUtils - Instantiating CacheAwareContextLoaderDelegate from class [org.springframework.test.context.cache.DefaultCacheAwareContextLoaderDelegate]
00:19:39.837 [Test worker] DEBUG org.springframework.test.context.BootstrapUtils - Instantiating BootstrapContext using constructor [public org.springframework.test.context.support.DefaultBootstrapContext(java.lang.Class,org.springframework.test.context.CacheAwareContextLoaderDelegate)]
00:19:39.870 [Test worker] DEBUG org.springframework.test.context.BootstrapUtils - Instantiating TestContextBootstrapper for test class [com.kodilla.hibernate.KodillaHibernateApplicationTests] from class [org.springframework.boot.test.context.SpringBootTestContextBootstrapper]
00:19:39.881 [Test worker] INFO org.springframework.boot.test.context.SpringBootTestContextBootstrapper - Neither @ContextConfiguration nor @ContextHierarchy found for test class [com.kodilla.hibernate.KodillaHibernateApplicationTests], using SpringBootContextLoader
00:19:39.885 [Test worker] DEBUG org.springframework.test.context.support.AbstractContextLoader - Did not detect default resource location for test class [com.kodilla.hibernate.KodillaHibernateApplicationTests]: class path resource [com/kodilla/hibernate/KodillaHibernateApplicationTests-context.xml] does not exist
00:19:39.885 [Test worker] DEBUG org.springframework.test.context.support.AbstractContextLoader - Did not detect default resource location for test class [com.kodilla.hibernate.KodillaHibernateApplicationTests]: class path resource [com/kodilla/hibernate/KodillaHibernateApplicationTestsContext.groovy] does not exist
00:19:39.885 [Test worker] INFO org.springframework.test.context.support.AbstractContextLoader - Could not detect default resource locations for test class [com.kodilla.hibernate.KodillaHibernateApplicationTests]: no resource found for suffixes {-context.xml, Context.groovy}.
00:19:39.886 [Test worker] INFO org.springframework.test.context.support.AnnotationConfigContextLoaderUtils - Could not detect default configuration classes for test class [com.kodilla.hibernate.KodillaHibernateApplicationTests]: KodillaHibernateApplicationTests does not declare any static, non-private, non-final, nested classes annotated with @Configuration.
00:19:39.923 [Test worker] DEBUG org.springframework.test.context.support.ActiveProfilesUtils - Could not find an 'annotation declaring class' for annotation type [org.springframework.test.context.ActiveProfiles] and class [com.kodilla.hibernate.KodillaHibernateApplicationTests]
00:19:40.018 [Test worker] DEBUG org.springframework.context.annotation.ClassPathScanningCandidateComponentProvider - Identified candidate component class: file [C:\dev\zuzanna-jaworska-kodilla-java\kodilla-hibernate\build\classes\java\main\com\kodilla\hibernate\KodillaHibernateApplication.class]
00:19:40.020 [Test worker] INFO org.springframework.boot.test.context.SpringBootTestContextBootstrapper - Found @SpringBootConfiguration com.kodilla.hibernate.KodillaHibernateApplication for test class com.kodilla.hibernate.KodillaHibernateApplicationTests
00:19:40.155 [Test worker] DEBUG org.springframework.boot.test.context.SpringBootTestContextBootstrapper - @TestExecutionListeners is not present for class [com.kodilla.hibernate.KodillaHibernateApplicationTests]: using defaults.
00:19:40.155 [Test worker] INFO org.springframework.boot.test.context.SpringBootTestContextBootstrapper - Loaded default TestExecutionListener class names from location [META-INF/spring.factories]: [org.springframework.boot.test.autoconfigure.restdocs.RestDocsTestExecutionListener, org.springframework.boot.test.autoconfigure.web.client.MockRestServiceServerResetTestExecutionListener, org.springframework.boot.test.autoconfigure.web.servlet.MockMvcPrintOnlyOnFailureTestExecutionListener, org.springframework.boot.test.autoconfigure.web.servlet.WebDriverTestExecutionListener, org.springframework.boot.test.autoconfigure.webservices.client.MockWebServiceServerTestExecutionListener, org.springframework.boot.test.mock.mockito.MockitoTestExecutionListener, org.springframework.boot.test.mock.mockito.ResetMocksTestExecutionListener, org.springframework.test.context.web.ServletTestExecutionListener, org.springframework.test.context.support.DirtiesContextBeforeModesTestExecutionListener, org.springframework.test.context.event.ApplicationEventsTestExecutionListener, org.springframework.test.context.support.DependencyInjectionTestExecutionListener, org.springframework.test.context.support.DirtiesContextTestExecutionListener, org.springframework.test.context.transaction.TransactionalTestExecutionListener, org.springframework.test.context.jdbc.SqlScriptsTestExecutionListener, org.springframework.test.context.event.EventPublishingTestExecutionListener]
00:19:40.167 [Test worker] DEBUG org.springframework.boot.test.context.SpringBootTestContextBootstrapper - Skipping candidate TestExecutionListener [org.springframework.test.context.web.ServletTestExecutionListener] due to a missing dependency. Specify custom listener classes or make the default listener classes and their required dependencies available. Offending class: [javax/servlet/ServletContext]
00:19:40.178 [Test worker] INFO org.springframework.boot.test.context.SpringBootTestContextBootstrapper - Using TestExecutionListeners: [org.springframework.test.context.support.DirtiesContextBeforeModesTestExecutionListener@305f031, org.springframework.test.context.event.ApplicationEventsTestExecutionListener@592e843a, org.springframework.boot.test.mock.mockito.MockitoTestExecutionListener@1d1f7216, org.springframework.boot.test.autoconfigure.SpringBootDependencyInjectionTestExecutionListener@423e4cbb, org.springframework.test.context.support.DirtiesContextTestExecutionListener@6e16b8b5, org.springframework.test.context.transaction.TransactionalTestExecutionListener@43b4fe19, org.springframework.test.context.jdbc.SqlScriptsTestExecutionListener@25ddbbbb, org.springframework.test.context.event.EventPublishingTestExecutionListener@1536602f, org.springframework.boot.test.autoconfigure.restdocs.RestDocsTestExecutionListener@4ebea12c, org.springframework.boot.test.autoconfigure.web.client.MockRestServiceServerResetTestExecutionListener@2a1edad4, org.springframework.boot.test.autoconfigure.web.servlet.MockMvcPrintOnlyOnFailureTestExecutionListener@6256ac4f, org.springframework.boot.test.autoconfigure.web.servlet.WebDriverTestExecutionListener@44c79f32, org.springframework.boot.test.autoconfigure.webservices.client.MockWebServiceServerTestExecutionListener@7fcbe147, org.springframework.boot.test.mock.mockito.ResetMocksTestExecutionListener@235f4c10]
00:19:40.185 [Test worker] DEBUG org.springframework.test.context.support.AbstractDirtiesContextTestExecutionListener - Before test class: context [DefaultTestContext@55795845 testClass = KodillaHibernateApplicationTests, testInstance = [null], testMethod = [null], testException = [null], mergedContextConfiguration = [MergedContextConfiguration@3d08f3f5 testClass = KodillaHibernateApplicationTests, locations = '{}', classes = '{class com.kodilla.hibernate.KodillaHibernateApplication}', contextInitializerClasses = '[]', activeProfiles = '{}', propertySourceLocations = '{}', propertySourceProperties = '{org.springframework.boot.test.context.SpringBootTestContextBootstrapper=true}', contextCustomizers = set[org.springframework.boot.test.autoconfigure.actuate.metrics.MetricsExportContextCustomizerFactory$DisableMetricExportContextCustomizer@531f4093, org.springframework.boot.test.autoconfigure.properties.PropertyMappingContextCustomizer@0, org.springframework.boot.test.autoconfigure.web.servlet.WebDriverContextCustomizerFactory$Customizer@4f25b795, org.springframework.boot.test.context.filter.ExcludeFilterContextCustomizer@525575, org.springframework.boot.test.json.DuplicateJsonObjectContextCustomizerFactory$DuplicateJsonObjectContextCustomizer@53dbe163, org.springframework.boot.test.mock.mockito.MockitoContextCustomizer@0, org.springframework.boot.test.web.client.TestRestTemplateContextCustomizer@4982cc36, org.springframework.boot.test.context.SpringBootTestArgs@1, org.springframework.boot.test.context.SpringBootTestWebEnvironment@32b260fa], contextLoader = 'org.springframework.boot.test.context.SpringBootContextLoader', parent = [null]], attributes = map[[empty]]], class annotated with @DirtiesContext [false] with mode [null].
00:19:40.208 [Test worker] DEBUG org.springframework.test.context.support.DependencyInjectionTestExecutionListener - Performing dependency injection for test context [[DefaultTestContext@55795845 testClass = KodillaHibernateApplicationTests, testInstance = com.kodilla.hibernate.KodillaHibernateApplicationTests@5fcacc0, testMethod = [null], testException = [null], mergedContextConfiguration = [MergedContextConfiguration@3d08f3f5 testClass = KodillaHibernateApplicationTests, locations = '{}', classes = '{class com.kodilla.hibernate.KodillaHibernateApplication}', contextInitializerClasses = '[]', activeProfiles = '{}', propertySourceLocations = '{}', propertySourceProperties = '{org.springframework.boot.test.context.SpringBootTestContextBootstrapper=true}', contextCustomizers = set[org.springframework.boot.test.autoconfigure.actuate.metrics.MetricsExportContextCustomizerFactory$DisableMetricExportContextCustomizer@531f4093, org.springframework.boot.test.autoconfigure.properties.PropertyMappingContextCustomizer@0, org.springframework.boot.test.autoconfigure.web.servlet.WebDriverContextCustomizerFactory$Customizer@4f25b795, org.springframework.boot.test.context.filter.ExcludeFilterContextCustomizer@525575, org.springframework.boot.test.json.DuplicateJsonObjectContextCustomizerFactory$DuplicateJsonObjectContextCustomizer@53dbe163, org.springframework.boot.test.mock.mockito.MockitoContextCustomizer@0, org.springframework.boot.test.web.client.TestRestTemplateContextCustomizer@4982cc36, org.springframework.boot.test.context.SpringBootTestArgs@1, org.springframework.boot.test.context.SpringBootTestWebEnvironment@32b260fa], contextLoader = 'org.springframework.boot.test.context.SpringBootContextLoader', parent = [null]], attributes = map['org.springframework.test.context.event.ApplicationEventsTestExecutionListener.recordApplicationEvents' -> false]]].

  .   ____          _            __ _ _
 /\\ / ___'_ __ _ _(_)_ __  __ _ \ \ \ \
( ( )\___ | '_ | '_| | '_ \/ _` | \ \ \ \
 \\/  ___)| |_)| | | | | || (_| |  ) ) ) )
  '  |____| .__|_| |_|_| |_\__, | / / / /
 =========|_|==============|___/=/_/_/_/
 :: Spring Boot ::                (v2.7.0)

2024-04-23 00:19:40.646  INFO 19252 --- [    Test worker] c.k.h.KodillaHibernateApplicationTests   : Starting KodillaHibernateApplicationTests using Java 17.0.10 on ZuLap with PID 19252 (started by Zuzanna in C:\dev\zuzanna-jaworska-kodilla-java\kodilla-hibernate)
2024-04-23 00:19:40.649  INFO 19252 --- [    Test worker] c.k.h.KodillaHibernateApplicationTests   : No active profile set, falling back to 1 default profile: "default"
2024-04-23 00:19:41.377  INFO 19252 --- [    Test worker] .s.d.r.c.RepositoryConfigurationDelegate : Bootstrapping Spring Data JPA repositories in DEFAULT mode.
2024-04-23 00:19:41.462  INFO 19252 --- [    Test worker] .s.d.r.c.RepositoryConfigurationDelegate : Finished Spring Data repository scanning in 72 ms. Found 8 JPA repository interfaces.
2024-04-23 00:19:42.101  INFO 19252 --- [    Test worker] o.hibernate.jpa.internal.util.LogHelper  : HHH000204: Processing PersistenceUnitInfo [name: default]
2024-04-23 00:19:42.145  INFO 19252 --- [    Test worker] org.hibernate.Version                    : HHH000412: Hibernate ORM core version 5.6.9.Final
2024-04-23 00:19:42.320  INFO 19252 --- [    Test worker] o.hibernate.annotations.common.Version   : HCANN000001: Hibernate Commons Annotations {5.1.2.Final}
2024-04-23 00:19:42.442  INFO 19252 --- [    Test worker] com.zaxxer.hikari.HikariDataSource       : HikariPool-1 - Starting...
2024-04-23 00:19:42.636  INFO 19252 --- [    Test worker] com.zaxxer.hikari.HikariDataSource       : HikariPool-1 - Start completed.
2024-04-23 00:19:42.656  INFO 19252 --- [    Test worker] org.hibernate.dialect.Dialect            : HHH000400: Using dialect: org.hibernate.dialect.MySQL57Dialect
2024-04-23 00:19:43.656  INFO 19252 --- [    Test worker] o.h.e.t.j.p.i.JtaPlatformInitiator       : HHH000490: Using JtaPlatform implementation: [org.hibernate.engine.transaction.jta.platform.internal.NoJtaPlatform]
2024-04-23 00:19:43.739  INFO 19252 --- [    Test worker] j.LocalContainerEntityManagerFactoryBean : Initialized JPA EntityManagerFactory for persistence unit 'default'
2024-04-23 00:19:44.643  INFO 19252 --- [    Test worker] c.k.h.KodillaHibernateApplicationTests   : Started KodillaHibernateApplicationTests in 4.395 seconds (JVM running for 5.808)
]]></system-out>
  <system-err><![CDATA[]]></system-err>
</testsuite>
