<?xml version="1.0" encoding="UTF-8"?>
<testsuite name="com.kodilla.patterns.strategy.social.UserTestSuite" tests="2" skipped="0" failures="0" errors="0" timestamp="2024-04-04T18:36:38" hostname="ZULAP" time="0.005">
  <properties/>
  <testcase name="testDefaultSharingStrategies()" classname="com.kodilla.patterns.strategy.social.UserTestSuite" time="0.003"/>
  <testcase name="testIndividualSharingStrategy()" classname="com.kodilla.patterns.strategy.social.UserTestSuite" time="0.001"/>
  <system-out><![CDATA[Gen X post on: Twitter
Millenials post on: Facebook
Gen Z post on: Snapchat
Millenials post on: Facebook
Millenials now post on: Twitter
]]></system-out>
  <system-err><![CDATA[]]></system-err>
</testsuite>
