<?xml version="1.0" encoding="UTF-8"?>
<testsuite name="com.kodilla.patterns.factory.tasks.TaskFactoryTestSuite" tests="4" skipped="0" failures="0" errors="0" timestamp="2024-04-04T18:36:38" hostname="ZULAP" time="0.006">
  <properties/>
  <testcase name="testExecutingTask()" classname="com.kodilla.patterns.factory.tasks.TaskFactoryTestSuite" time="0.002"/>
  <testcase name="testFactoryPainting()" classname="com.kodilla.patterns.factory.tasks.TaskFactoryTestSuite" time="0.0"/>
  <testcase name="testFactoryDriving()" classname="com.kodilla.patterns.factory.tasks.TaskFactoryTestSuite" time="0.001"/>
  <testcase name="testFactoryShopping()" classname="com.kodilla.patterns.factory.tasks.TaskFactoryTestSuite" time="0.0"/>
  <system-out><![CDATA[executing task: zakupy
]]></system-out>
  <system-err><![CDATA[]]></system-err>
</testsuite>
