<?xml version="1.0" encoding="UTF-8"?>
<testsuite name="com.kodilla.patterns.prototype.library.LibraryTestSuite" tests="1" skipped="0" failures="0" errors="0" timestamp="2024-04-04T18:36:38" hostname="ZULAP" time="0.009">
  <properties/>
  <testcase name="testGetBooks()" classname="com.kodilla.patterns.prototype.library.LibraryTestSuite" time="0.009"/>
  <system-out><![CDATA[Library{name='Library TEST', books=[
Book{title='Title3', author='Author3', publicationDate=2024-04-04}, 
Book{title='Title6', author='Author6', publicationDate=2024-04-04}, 
Book{title='Title1', author='Author1', publicationDate=2024-04-04}, 
Book{title='Title2', author='Author2', publicationDate=2024-04-04}, 
Book{title='Title4', author='Author4', publicationDate=2024-04-04}, 
Book{title='Title7', author='Author7', publicationDate=2024-04-04}, 
Book{title='Title8', author='Author8', publicationDate=2024-04-04}, 
Book{title='Title5', author='Author5', publicationDate=2024-04-04}]}

Library{name='Library TEST', books=[
Book{title='Title3', author='Author3', publicationDate=2024-04-04}, 
Book{title='Title6', author='Author6', publicationDate=2024-04-04}, 
Book{title='Title1', author='Author1', publicationDate=2024-04-04}, 
Book{title='Title2', author='Author2', publicationDate=2024-04-04}, 
Book{title='Title4', author='Author4', publicationDate=2024-04-04}, 
Book{title='Title7', author='Author7', publicationDate=2024-04-04}, 
Book{title='Title8', author='Author8', publicationDate=2024-04-04}, 
Book{title='Title5', author='Author5', publicationDate=2024-04-04}, 
Book{title='Title NINE', author='Author NINE', publicationDate=2024-04-04}]}

Library{name='Library SHALLOW', books=[
Book{title='Title3', author='Author3', publicationDate=2024-04-04}, 
Book{title='Title6', author='Author6', publicationDate=2024-04-04}, 
Book{title='Title1', author='Author1', publicationDate=2024-04-04}, 
Book{title='Title2', author='Author2', publicationDate=2024-04-04}, 
Book{title='Title4', author='Author4', publicationDate=2024-04-04}, 
Book{title='Title7', author='Author7', publicationDate=2024-04-04}, 
Book{title='Title8', author='Author8', publicationDate=2024-04-04}, 
Book{title='Title5', author='Author5', publicationDate=2024-04-04}, 
Book{title='Title NINE', author='Author NINE', publicationDate=2024-04-04}]}

Library{name='Library DEEP', books=[
Book{title='Title3', author='Author3', publicationDate=2024-04-04}, 
Book{title='Title6', author='Author6', publicationDate=2024-04-04}, 
Book{title='Title1', author='Author1', publicationDate=2024-04-04}, 
Book{title='Title2', author='Author2', publicationDate=2024-04-04}, 
Book{title='Title4', author='Author4', publicationDate=2024-04-04}, 
Book{title='Title7', author='Author7', publicationDate=2024-04-04}, 
Book{title='Title8', author='Author8', publicationDate=2024-04-04}, 
Book{title='Title5', author='Author5', publicationDate=2024-04-04}]}

]]></system-out>
  <system-err><![CDATA[]]></system-err>
</testsuite>
