<?xml version="1.0" encoding="UTF-8"?>
<testsuite name="com.kodilla.patterns.builder.bigmac.BigmacTestSuite" tests="1" skipped="0" failures="0" errors="0" timestamp="2024-04-04T18:36:38" hostname="ZULAP" time="0.03">
  <properties/>
  <testcase name="testBigmacNew()" classname="com.kodilla.patterns.builder.bigmac.BigmacTestSuite" time="0.03"/>
  <system-out><![CDATA[Bigmac{pattiesQuantity=2, bun=BUN_WITH_SESAME, sauce=BBQ, ingredients=[CHEESE, BACON, LETTUCE, ONION]}
]]></system-out>
  <system-err><![CDATA[]]></system-err>
</testsuite>
