<?xml version="1.0" encoding="UTF-8"?>
<testsuite name="com.kodilla.spring.intro.shape.DrawerTestSuite" tests="2" skipped="0" failures="0" errors="0" timestamp="2024-04-04T18:36:46" hostname="ZULAP" time="0.026">
  <properties/>
  <testcase name="testDoDrawingWithTriangle()" classname="com.kodilla.spring.intro.shape.DrawerTestSuite" time="0.023"/>
  <testcase name="testDoDrawingWithCircle()" classname="com.kodilla.spring.intro.shape.DrawerTestSuite" time="0.002"/>
  <system-out><![CDATA[This is a triangle
This is a circle
]]></system-out>
  <system-err><![CDATA[]]></system-err>
</testsuite>
