<?xml version="1.0" encoding="UTF-8"?>
<testsuite name="com.kodilla.KodillaPatterns2ApplicationTests" tests="1" skipped="0" failures="0" errors="0" timestamp="2024-04-29T13:10:34" hostname="ZULAP" time="0.566">
  <properties/>
  <testcase name="contextLoads()" classname="com.kodilla.KodillaPatterns2ApplicationTests" time="0.566"/>
  <system-out><![CDATA[15:10:32.603 [Test worker] DEBUG org.springframework.test.context.BootstrapUtils - Instantiating CacheAwareContextLoaderDelegate from class [org.springframework.test.context.cache.DefaultCacheAwareContextLoaderDelegate]
15:10:32.614 [Test worker] DEBUG org.springframework.test.context.BootstrapUtils - Instantiating BootstrapContext using constructor [public org.springframework.test.context.support.DefaultBootstrapContext(java.lang.Class,org.springframework.test.context.CacheAwareContextLoaderDelegate)]
15:10:32.660 [Test worker] DEBUG org.springframework.test.context.BootstrapUtils - Instantiating TestContextBootstrapper for test class [com.kodilla.KodillaPatterns2ApplicationTests] from class [org.springframework.boot.test.context.SpringBootTestContextBootstrapper]
15:10:32.676 [Test worker] INFO org.springframework.boot.test.context.SpringBootTestContextBootstrapper - Neither @ContextConfiguration nor @ContextHierarchy found for test class [com.kodilla.KodillaPatterns2ApplicationTests], using SpringBootContextLoader
15:10:32.681 [Test worker] DEBUG org.springframework.test.context.support.AbstractContextLoader - Did not detect default resource location for test class [com.kodilla.KodillaPatterns2ApplicationTests]: class path resource [com/kodilla/KodillaPatterns2ApplicationTests-context.xml] does not exist
15:10:32.682 [Test worker] DEBUG org.springframework.test.context.support.AbstractContextLoader - Did not detect default resource location for test class [com.kodilla.KodillaPatterns2ApplicationTests]: class path resource [com/kodilla/KodillaPatterns2ApplicationTestsContext.groovy] does not exist
15:10:32.682 [Test worker] INFO org.springframework.test.context.support.AbstractContextLoader - Could not detect default resource locations for test class [com.kodilla.KodillaPatterns2ApplicationTests]: no resource found for suffixes {-context.xml, Context.groovy}.
15:10:32.683 [Test worker] INFO org.springframework.test.context.support.AnnotationConfigContextLoaderUtils - Could not detect default configuration classes for test class [com.kodilla.KodillaPatterns2ApplicationTests]: KodillaPatterns2ApplicationTests does not declare any static, non-private, non-final, nested classes annotated with @Configuration.
15:10:32.724 [Test worker] DEBUG org.springframework.test.context.support.ActiveProfilesUtils - Could not find an 'annotation declaring class' for annotation type [org.springframework.test.context.ActiveProfiles] and class [com.kodilla.KodillaPatterns2ApplicationTests]
15:10:32.785 [Test worker] DEBUG org.springframework.context.annotation.ClassPathScanningCandidateComponentProvider - Identified candidate component class: file [C:\dev\zuzanna-jaworska-kodilla-java\kodilla-patterns2\build\classes\java\main\com\kodilla\KodillaPatterns2Application.class]
15:10:32.786 [Test worker] INFO org.springframework.boot.test.context.SpringBootTestContextBootstrapper - Found @SpringBootConfiguration com.kodilla.KodillaPatterns2Application for test class com.kodilla.KodillaPatterns2ApplicationTests
15:10:32.919 [Test worker] DEBUG org.springframework.boot.test.context.SpringBootTestContextBootstrapper - @TestExecutionListeners is not present for class [com.kodilla.KodillaPatterns2ApplicationTests]: using defaults.
15:10:32.920 [Test worker] INFO org.springframework.boot.test.context.SpringBootTestContextBootstrapper - Loaded default TestExecutionListener class names from location [META-INF/spring.factories]: [org.springframework.boot.test.autoconfigure.restdocs.RestDocsTestExecutionListener, org.springframework.boot.test.autoconfigure.web.client.MockRestServiceServerResetTestExecutionListener, org.springframework.boot.test.autoconfigure.web.servlet.MockMvcPrintOnlyOnFailureTestExecutionListener, org.springframework.boot.test.autoconfigure.web.servlet.WebDriverTestExecutionListener, org.springframework.boot.test.autoconfigure.webservices.client.MockWebServiceServerTestExecutionListener, org.springframework.boot.test.mock.mockito.MockitoTestExecutionListener, org.springframework.boot.test.mock.mockito.ResetMocksTestExecutionListener, org.springframework.test.context.web.ServletTestExecutionListener, org.springframework.test.context.support.DirtiesContextBeforeModesTestExecutionListener, org.springframework.test.context.event.ApplicationEventsTestExecutionListener, org.springframework.test.context.support.DependencyInjectionTestExecutionListener, org.springframework.test.context.support.DirtiesContextTestExecutionListener, org.springframework.test.context.transaction.TransactionalTestExecutionListener, org.springframework.test.context.jdbc.SqlScriptsTestExecutionListener, org.springframework.test.context.event.EventPublishingTestExecutionListener]
15:10:32.931 [Test worker] DEBUG org.springframework.boot.test.context.SpringBootTestContextBootstrapper - Skipping candidate TestExecutionListener [org.springframework.test.context.web.ServletTestExecutionListener] due to a missing dependency. Specify custom listener classes or make the default listener classes and their required dependencies available. Offending class: [javax/servlet/ServletContext]
15:10:32.933 [Test worker] DEBUG org.springframework.boot.test.context.SpringBootTestContextBootstrapper - Skipping candidate TestExecutionListener [org.springframework.test.context.transaction.TransactionalTestExecutionListener] due to a missing dependency. Specify custom listener classes or make the default listener classes and their required dependencies available. Offending class: [org/springframework/transaction/interceptor/TransactionAttributeSource]
15:10:32.934 [Test worker] DEBUG org.springframework.boot.test.context.SpringBootTestContextBootstrapper - Skipping candidate TestExecutionListener [org.springframework.test.context.jdbc.SqlScriptsTestExecutionListener] due to a missing dependency. Specify custom listener classes or make the default listener classes and their required dependencies available. Offending class: [org/springframework/transaction/interceptor/TransactionAttribute]
15:10:32.934 [Test worker] INFO org.springframework.boot.test.context.SpringBootTestContextBootstrapper - Using TestExecutionListeners: [org.springframework.test.context.support.DirtiesContextBeforeModesTestExecutionListener@3fc9dfc5, org.springframework.test.context.event.ApplicationEventsTestExecutionListener@40258c2f, org.springframework.boot.test.mock.mockito.MockitoTestExecutionListener@2cac4385, org.springframework.boot.test.autoconfigure.SpringBootDependencyInjectionTestExecutionListener@6731787b, org.springframework.test.context.support.DirtiesContextTestExecutionListener@16f7b4af, org.springframework.test.context.event.EventPublishingTestExecutionListener@7adf16aa, org.springframework.boot.test.autoconfigure.restdocs.RestDocsTestExecutionListener@34a1d21f, org.springframework.boot.test.autoconfigure.web.client.MockRestServiceServerResetTestExecutionListener@58bf8650, org.springframework.boot.test.autoconfigure.web.servlet.MockMvcPrintOnlyOnFailureTestExecutionListener@73c60324, org.springframework.boot.test.autoconfigure.web.servlet.WebDriverTestExecutionListener@71ae31b0, org.springframework.boot.test.autoconfigure.webservices.client.MockWebServiceServerTestExecutionListener@4ba534b0, org.springframework.boot.test.mock.mockito.ResetMocksTestExecutionListener@6f0ca692]
15:10:32.938 [Test worker] DEBUG org.springframework.test.context.support.AbstractDirtiesContextTestExecutionListener - Before test class: context [DefaultTestContext@74e47444 testClass = KodillaPatterns2ApplicationTests, testInstance = [null], testMethod = [null], testException = [null], mergedContextConfiguration = [MergedContextConfiguration@9bd0fa6 testClass = KodillaPatterns2ApplicationTests, locations = '{}', classes = '{class com.kodilla.KodillaPatterns2Application}', contextInitializerClasses = '[]', activeProfiles = '{}', propertySourceLocations = '{}', propertySourceProperties = '{org.springframework.boot.test.context.SpringBootTestContextBootstrapper=true}', contextCustomizers = set[org.springframework.boot.test.autoconfigure.actuate.metrics.MetricsExportContextCustomizerFactory$DisableMetricExportContextCustomizer@27d4a09, org.springframework.boot.test.autoconfigure.properties.PropertyMappingContextCustomizer@0, org.springframework.boot.test.autoconfigure.web.servlet.WebDriverContextCustomizerFactory$Customizer@42039326, org.springframework.boot.test.context.filter.ExcludeFilterContextCustomizer@63787180, org.springframework.boot.test.json.DuplicateJsonObjectContextCustomizerFactory$DuplicateJsonObjectContextCustomizer@386f0da3, org.springframework.boot.test.mock.mockito.MockitoContextCustomizer@0, org.springframework.boot.test.web.client.TestRestTemplateContextCustomizer@2ea6e30c, org.springframework.boot.test.context.SpringBootTestArgs@1, org.springframework.boot.test.context.SpringBootTestWebEnvironment@247d8ae], contextLoader = 'org.springframework.boot.test.context.SpringBootContextLoader', parent = [null]], attributes = map[[empty]]], class annotated with @DirtiesContext [false] with mode [null].
15:10:32.954 [Test worker] DEBUG org.springframework.test.context.support.DependencyInjectionTestExecutionListener - Performing dependency injection for test context [[DefaultTestContext@74e47444 testClass = KodillaPatterns2ApplicationTests, testInstance = com.kodilla.KodillaPatterns2ApplicationTests@64beebb7, testMethod = [null], testException = [null], mergedContextConfiguration = [MergedContextConfiguration@9bd0fa6 testClass = KodillaPatterns2ApplicationTests, locations = '{}', classes = '{class com.kodilla.KodillaPatterns2Application}', contextInitializerClasses = '[]', activeProfiles = '{}', propertySourceLocations = '{}', propertySourceProperties = '{org.springframework.boot.test.context.SpringBootTestContextBootstrapper=true}', contextCustomizers = set[org.springframework.boot.test.autoconfigure.actuate.metrics.MetricsExportContextCustomizerFactory$DisableMetricExportContextCustomizer@27d4a09, org.springframework.boot.test.autoconfigure.properties.PropertyMappingContextCustomizer@0, org.springframework.boot.test.autoconfigure.web.servlet.WebDriverContextCustomizerFactory$Customizer@42039326, org.springframework.boot.test.context.filter.ExcludeFilterContextCustomizer@63787180, org.springframework.boot.test.json.DuplicateJsonObjectContextCustomizerFactory$DuplicateJsonObjectContextCustomizer@386f0da3, org.springframework.boot.test.mock.mockito.MockitoContextCustomizer@0, org.springframework.boot.test.web.client.TestRestTemplateContextCustomizer@2ea6e30c, org.springframework.boot.test.context.SpringBootTestArgs@1, org.springframework.boot.test.context.SpringBootTestWebEnvironment@247d8ae], contextLoader = 'org.springframework.boot.test.context.SpringBootContextLoader', parent = [null]], attributes = map['org.springframework.test.context.event.ApplicationEventsTestExecutionListener.recordApplicationEvents' -> false]]].

  .   ____          _            __ _ _
 /\\ / ___'_ __ _ _(_)_ __  __ _ \ \ \ \
( ( )\___ | '_ | '_| | '_ \/ _` | \ \ \ \
 \\/  ___)| |_)| | | | | || (_| |  ) ) ) )
  '  |____| .__|_| |_|_| |_\__, | / / / /
 =========|_|==============|___/=/_/_/_/
 :: Spring Boot ::                (v2.7.0)

2024-04-29 15:10:33.317  INFO 17588 --- [    Test worker] c.k.KodillaPatterns2ApplicationTests     : Starting KodillaPatterns2ApplicationTests using Java 17.0.10 on ZuLap with PID 17588 (started by Zuzanna in C:\dev\zuzanna-jaworska-kodilla-java\kodilla-patterns2)
2024-04-29 15:10:33.319  INFO 17588 --- [    Test worker] c.k.KodillaPatterns2ApplicationTests     : No active profile set, falling back to 1 default profile: "default"
2024-04-29 15:10:34.061  INFO 17588 --- [    Test worker] c.k.KodillaPatterns2ApplicationTests     : Started KodillaPatterns2ApplicationTests in 1.068 seconds (JVM running for 2.388)
]]></system-out>
  <system-err><![CDATA[]]></system-err>
</testsuite>
