<?xml version="1.0" encoding="UTF-8"?>
<testsuite name="com.kodilla.jdbc.StoredProcTestSuite" tests="2" skipped="0" failures="0" errors="0" timestamp="2024-04-29T13:10:27" hostname="ZULAP" time="0.038">
  <properties/>
  <testcase name="testUpdateBestsellers()" classname="com.kodilla.jdbc.StoredProcTestSuite" time="0.02"/>
  <testcase name="testUpdateVipLevel()" classname="com.kodilla.jdbc.StoredProcTestSuite" time="0.017"/>
  <system-out><![CDATA[]]></system-out>
  <system-err><![CDATA[]]></system-err>
</testsuite>
