<?xml version="1.0" encoding="UTF-8"?>
<testsuite name="Tests for x" tests="4" skipped="0" failures="0" errors="0" timestamp="2024-04-04T18:14:17" hostname="ZULAP" time="0.01">
  <properties/>
  <testcase name="testTheMethodWhenXIsBiggerThanTwo()" classname="com.kodilla.exception.test.SecondChallengeTestSuite$TestsForX" time="0.002"/>
  <testcase name="testTheMethodWhenXIsOne()" classname="com.kodilla.exception.test.SecondChallengeTestSuite$TestsForX" time="0.001"/>
  <testcase name="testTheMethodWhenXIsTwo()" classname="com.kodilla.exception.test.SecondChallengeTestSuite$TestsForX" time="0.001"/>
  <testcase name="testTheMethodWhenXSmallerThanOne()" classname="com.kodilla.exception.test.SecondChallengeTestSuite$TestsForX" time="0.002"/>
  <system-out><![CDATA[#4 Test Case: begin
#4 Test Case: end

#5 Test Case: begin
#5 Test Case: end

#6 Test Case: begin
#6 Test Case: end

#7 Test Case: begin
#7 Test Case: end

]]></system-out>
  <system-err><![CDATA[]]></system-err>
</testsuite>
